c:\users\barba\onedrive\desktop\altri codici + diagrammi\c\codiceprogettobd3\circuitodibiblioteche\x64\debug\vc142.pdb
c:\users\barba\onedrive\desktop\altri codici + diagrammi\c\codiceprogettobd3\circuitodibiblioteche\x64\debug\vc142.idb
c:\users\barba\onedrive\desktop\altri codici + diagrammi\c\codiceprogettobd3\circuitodibiblioteche\x64\debug\utils.obj
c:\users\barba\onedrive\desktop\altri codici + diagrammi\c\codiceprogettobd3\circuitodibiblioteche\x64\debug\parse.obj
c:\users\barba\onedrive\desktop\altri codici + diagrammi\c\codiceprogettobd3\circuitodibiblioteche\x64\debug\main.obj
c:\users\barba\onedrive\desktop\altri codici + diagrammi\c\codiceprogettobd3\circuitodibiblioteche\x64\debug\inout.obj
c:\users\barba\onedrive\desktop\altri codici + diagrammi\c\codiceprogettobd3\circuitodibiblioteche\x64\debug\administrator.obj
c:\users\barba\onedrive\desktop\altri codici + diagrammi\c\codiceprogettobd3\circuitodibiblioteche\x64\debug\librarian.obj
c:\users\barba\onedrive\desktop\altri codici + diagrammi\c\codiceprogettobd3\circuitodibiblioteche\x64\debug\circuitodibiblioteche.exe
c:\users\barba\onedrive\desktop\altri codici + diagrammi\c\codiceprogettobd3\circuitodibiblioteche\x64\debug\circuitodibiblioteche.ilk
c:\users\barba\onedrive\desktop\altri codici + diagrammi\c\codiceprogettobd3\circuitodibiblioteche\x64\debug\circuitodibiblioteche.pdb
c:\users\barba\onedrive\desktop\altri codici + diagrammi\c\codiceprogettobd3\circuitodibiblioteche\x64\debug\circuitodibiblioteche.res
c:\users\barba\onedrive\desktop\altri codici + diagrammi\c\codiceprogettobd3\circuitodibiblioteche\x64\debug\circuito.1e7cec2b.tlog\cl.command.1.tlog
c:\users\barba\onedrive\desktop\altri codici + diagrammi\c\codiceprogettobd3\circuitodibiblioteche\x64\debug\circuito.1e7cec2b.tlog\cl.read.1.tlog
c:\users\barba\onedrive\desktop\altri codici + diagrammi\c\codiceprogettobd3\circuitodibiblioteche\x64\debug\circuito.1e7cec2b.tlog\cl.write.1.tlog
c:\users\barba\onedrive\desktop\altri codici + diagrammi\c\codiceprogettobd3\circuitodibiblioteche\x64\debug\circuito.1e7cec2b.tlog\link.command.1.tlog
c:\users\barba\onedrive\desktop\altri codici + diagrammi\c\codiceprogettobd3\circuitodibiblioteche\x64\debug\circuito.1e7cec2b.tlog\link.read.1.tlog
c:\users\barba\onedrive\desktop\altri codici + diagrammi\c\codiceprogettobd3\circuitodibiblioteche\x64\debug\circuito.1e7cec2b.tlog\link.write.1.tlog
c:\users\barba\onedrive\desktop\altri codici + diagrammi\c\codiceprogettobd3\circuitodibiblioteche\x64\debug\circuito.1e7cec2b.tlog\rc.command.1.tlog
c:\users\barba\onedrive\desktop\altri codici + diagrammi\c\codiceprogettobd3\circuitodibiblioteche\x64\debug\circuito.1e7cec2b.tlog\rc.read.1.tlog
c:\users\barba\onedrive\desktop\altri codici + diagrammi\c\codiceprogettobd3\circuitodibiblioteche\x64\debug\circuito.1e7cec2b.tlog\rc.write.1.tlog
